<?xml version="1.0" encoding="UTF-8"?>
<!-- Generated by org.testng.reporters.JUnitReportReporter -->
<testsuite hostname="ThivakarDeivendran" failures="0" tests="1" name="testDockerPackage.TestDocker2" time="13.361" errors="0" timestamp="2024-07-27T15:29:27 IST" skipped="0">
  <testcase classname="testDockerPackage.TestDocker2" name="testMethod2" time="13.361"/>
</testsuite> <!-- testDockerPackage.TestDocker2 -->
