<?xml version="1.0" encoding="UTF-8"?>
<!-- Generated by org.testng.reporters.JUnitReportReporter -->
<testsuite hostname="ThivakarDeivendran" failures="0" tests="1" name="testDockerPackage.TestDocker3" time="8.946" errors="0" timestamp="2024-07-27T15:29:27 IST" skipped="0">
  <testcase classname="testDockerPackage.TestDocker3" name="testMethod3" time="8.946"/>
</testsuite> <!-- testDockerPackage.TestDocker3 -->
