<?xml version="1.0" encoding="UTF-8"?>
<!-- Generated by org.testng.reporters.JUnitReportReporter -->
<testsuite hostname="ThivakarDeivendran" failures="0" tests="1" name="testDockerPackage.TestDocker" time="7.799" errors="0" timestamp="2024-07-27T15:29:27 IST" skipped="0">
  <testcase classname="testDockerPackage.TestDocker" name="testMethod" time="7.799"/>
</testsuite> <!-- testDockerPackage.TestDocker -->
